<?xml version="1.0" encoding="UTF-8"?>
<testsuite xmlns:xsi="http://www.w3.org/2001/XMLSchema-instance" xsi:schemaLocation="https://maven.apache.org/surefire/maven-surefire-plugin/xsd/surefire-test-report.xsd" name="SaucelabIT" time="7.132" tests="15" errors="0" skipped="0" failures="0">
  <properties>
    <property name="jansi.mode" value="force"/>
    <property name="java.runtime.name" value="Java(TM) SE Runtime Environment"/>
    <property name="java.vm.version" value="11.0.13+10-LTS-370"/>
    <property name="sun.boot.library.path" value="C:\Program Files\Java\jdk-11.0.13\bin"/>
    <property name="maven.multiModuleProjectDirectory" value="C:\Users\rahma\OneDrive\Desktop\New_Eclipse_Workspace\cucumber-zephyr-project"/>
    <property name="java.vm.vendor" value="Oracle Corporation"/>
    <property name="java.vendor.url" value="https://openjdk.java.net/"/>
    <property name="path.separator" value=";"/>
    <property name="guice.disable.misplaced.annotation.check" value="true"/>
    <property name="java.vm.name" value="Java HotSpot(TM) 64-Bit Server VM"/>
    <property name="user.country" value="US"/>
    <property name="sun.java.launcher" value="SUN_STANDARD"/>
    <property name="user.script" value=""/>
    <property name="sun.os.patch.level" value=""/>
    <property name="user.dir" value="C:\Users\rahma\OneDrive\Desktop\New_Eclipse_Workspace\cucumber-zephyr-project"/>
    <property name="java.vm.compressedOopsMode" value="Zero based"/>
    <property name="java.vm.specification.name" value="Java Virtual Machine Specification"/>
    <property name="java.runtime.version" value="11.0.13+10-LTS-370"/>
    <property name="java.awt.graphicsenv" value="sun.awt.Win32GraphicsEnvironment"/>
    <property name="os.arch" value="amd64"/>
    <property name="java.io.tmpdir" value="C:\Users\rahma\AppData\Local\Temp\"/>
    <property name="line.separator" value="&#10;"/>
    <property name="java.vm.specification.vendor" value="Oracle Corporation"/>
    <property name="user.variant" value=""/>
    <property name="os.name" value="Windows 10"/>
    <property name="stderr.encoding" value="UTF-8"/>
    <property name="classworlds.conf" value="C:\Users\rahma\OneDrive\Desktop\New_Eclipse_Workspace\.metadata\.plugins\org.eclipse.m2e.launching\launches\m2conf4161921237635407950.tmp"/>
    <property name="sun.jnu.encoding" value="Cp1252"/>
    <property name="stdout.encoding" value="UTF-8"/>
    <property name="java.library.path" value="C:\Program Files\Java\jdk-11.0.13\bin;C:\WINDOWS\Sun\Java\bin;C:\WINDOWS\system32;C:\WINDOWS;C:/Program Files/Java/jdk-17/bin/server;C:/Program Files/Java/jdk-17/bin;C:\WINDOWS\system32;C:\WINDOWS;C:\WINDOWS\System32\Wbem;C:\WINDOWS\System32\WindowsPowerShell\v1.0\;C:\WINDOWS\System32\OpenSSH\;C:\Program Files\Git\cmd;C:\Program Files\PuTTY\;C:\Program Files\dotnet\;C:\Program Files\Amazon\AWSCLIV2\;C:\Program Files\MySQL\MySQL Shell 8.0\bin\;C:\Users\rahma\AppData\Local\Microsoft\WindowsApps;C:\Users\rahma\AppData\Roaming\npm;C:\lib\apache-maven-3.8.6\bin;C:\Program Files\Java\jdk-17\bin;C:\Program Files\nodejs\;C:\Program Files\leJOS EV3\bin;C:\Users\rahma\AppData\Local\Microsoft\WindowsApps;C:\lib\apache-maven-3.8.6\bin;C:\Program Files\Java\jdk-17\bin;C:\Users\rahma\AppData\Roaming\npm;C:\Program Files\heroku\bin;C:\Users\rahma\AppData\Local\Programs\Microsoft VS Code\bin;C:\Users\rahma\OneDrive\Desktop;;."/>
    <property name="jdk.debug" value="release"/>
    <property name="java.class.version" value="55.0"/>
    <property name="java.specification.name" value="Java Platform API Specification"/>
    <property name="sun.management.compiler" value="HotSpot 64-Bit Tiered Compilers"/>
    <property name="os.version" value="10.0"/>
    <property name="user.home" value="C:\Users\rahma"/>
    <property name="user.timezone" value="America/New_York"/>
    <property name="java.awt.printerjob" value="sun.awt.windows.WPrinterJob"/>
    <property name="file.encoding" value="UTF-8"/>
    <property name="java.specification.version" value="11"/>
    <property name="java.class.path" value="C:\Users\rahma\.p2\pool\plugins\org.eclipse.m2e.maven.runtime_3.9.500.20231113-2345\jars\plexus-classworlds-2.7.0.jar"/>
    <property name="user.name" value="rahma"/>
    <property name="java.vm.specification.version" value="11"/>
    <property name="sun.arch.data.model" value="64"/>
    <property name="sun.java.command" value="org.codehaus.plexus.classworlds.launcher.Launcher -B -Dstyle.color=always verify"/>
    <property name="java.home" value="C:\Program Files\Java\jdk-11.0.13"/>
    <property name="user.language" value="en"/>
    <property name="java.specification.vendor" value="Oracle Corporation"/>
    <property name="awt.toolkit" value="sun.awt.windows.WToolkit"/>
    <property name="java.vm.info" value="mixed mode"/>
    <property name="java.version" value="11.0.13"/>
    <property name="java.vendor" value="Oracle Corporation"/>
    <property name="maven.home" value="C:\Users\rahma\OneDrive\Desktop\New_Eclipse_Workspace\cucumber-zephyr-project\EMBEDDED"/>
    <property name="style.color" value="always"/>
    <property name="file.separator" value="\"/>
    <property name="java.version.date" value="2021-10-19"/>
    <property name="java.vendor.url.bug" value="https://bugreport.java.com/bugreport/"/>
    <property name="sun.cpu.endian" value="little"/>
    <property name="sun.io.unicode.encoding" value="UnicodeLittle"/>
    <property name="java.vendor.version" value="18.9"/>
    <property name="m2e.build.project.data.socket.port" value="58461"/>
    <property name="sun.desktop" value="windows"/>
    <property name="sun.cpu.isalist" value="amd64"/>
  </properties>
  <testcase name="Given the user navigates to the Swag Labs website" classname="Scenario: Purchase a product on Swag Labs" time="0.001"/>
  <testcase name="When the user logs in with the username &quot;standard_user&quot; and password &quot;secret_sauce&quot;" classname="Scenario: Purchase a product on Swag Labs" time="0"/>
  <testcase name="Then the Products label is displayed on the page" classname="Scenario: Purchase a product on Swag Labs" time="0"/>
  <testcase name="When the user adds &quot;Sauce Labs Backpack&quot; to the cart" classname="Scenario: Purchase a product on Swag Labs" time="0"/>
  <testcase name="Then the Add to Cart link changes to &quot;Remove&quot;" classname="Scenario: Purchase a product on Swag Labs" time="0"/>
  <testcase name="And the checkout icon shows &apos;1&apos; in the image" classname="Scenario: Purchase a product on Swag Labs" time="0"/>
  <testcase name="When the user clicks on the checkout icon" classname="Scenario: Purchase a product on Swag Labs" time="0"/>
  <testcase name="Then &quot;Sauce Labs Backpack&quot; with 1 Qty is displayed in the cart" classname="Scenario: Purchase a product on Swag Labs" time="0.001"/>
  <testcase name="When the user clicks on the &quot;CheckOut&quot; link" classname="Scenario: Purchase a product on Swag Labs" time="0.001"/>
  <testcase name="And then clicks on the &quot;Cancel&quot; link" classname="Scenario: Purchase a product on Swag Labs" time="0"/>
  <testcase name="Then the &quot;Your Cart&quot; label is displayed" classname="Scenario: Purchase a product on Swag Labs" time="0.001"/>
  <testcase name="When the user clicks on the three bars on the left top" classname="Scenario: Purchase a product on Swag Labs" time="0"/>
  <testcase name="And selects &quot;Logout&quot;" classname="Scenario: Purchase a product on Swag Labs" time="0"/>
  <testcase name="Then the Saucedemo.com login page is displayed" classname="Scenario: Purchase a product on Swag Labs" time="0"/>
  <testcase name="Scenario: Purchase a product on Swag Labs" classname="Scenario: Purchase a product on Swag Labs" time="0.001"/>
</testsuite>